e:\lab4-oop\oop-workshop4-master\in_lab\debug\vc140.pdb
e:\lab4-oop\oop-workshop4-master\in_lab\debug\vc140.idb
e:\lab4-oop\oop-workshop4-master\in_lab\debug\enrollment.obj
e:\lab4-oop\oop-workshop4-master\in_lab\debug\w4_in_lab.obj
c:\users\koko\desktop\lab4-oop\oop-workshop4-master\in_lab\debug\vc140.pdb
c:\users\koko\desktop\lab4-oop\oop-workshop4-master\in_lab\debug\vc140.idb
c:\users\koko\desktop\lab4-oop\oop-workshop4-master\in_lab\debug\enrollment.obj
c:\users\koko\desktop\lab4-oop\oop-workshop4-master\in_lab\debug\w4_in_lab.obj
e:\lab4-oop\oop-workshop4-master\in_lab\debug\in_lab.ilk
e:\lab4-oop\oop-workshop4-master\in_lab\debug\in_lab.exe
e:\lab4-oop\oop-workshop4-master\in_lab\debug\in_lab.pdb
c:\users\koko\desktop\lab4-oop\oop-workshop4-master\in_lab\debug\in_lab.ilk
c:\users\koko\desktop\lab4-oop\oop-workshop4-master\in_lab\debug\in_lab.exe
c:\users\koko\desktop\lab4-oop\oop-workshop4-master\in_lab\debug\in_lab.pdb
c:\users\koko\desktop\lab4-oop\oop-workshop4-master\in_lab\debug\in_lab.tlog\cl.command.1.tlog
c:\users\koko\desktop\lab4-oop\oop-workshop4-master\in_lab\debug\in_lab.tlog\cl.read.1.tlog
c:\users\koko\desktop\lab4-oop\oop-workshop4-master\in_lab\debug\in_lab.tlog\cl.write.1.tlog
c:\users\koko\desktop\lab4-oop\oop-workshop4-master\in_lab\debug\in_lab.tlog\link.command.1.tlog
c:\users\koko\desktop\lab4-oop\oop-workshop4-master\in_lab\debug\in_lab.tlog\link.read.1.tlog
c:\users\koko\desktop\lab4-oop\oop-workshop4-master\in_lab\debug\in_lab.tlog\link.write.1.tlog
